TN:
SF:C:/Users/rainer048/Credit/contracts/Credit.sol
FN:26,
FN:28,makeRequest
FN:36,makeDelegateRequest
FN:46,bankAccept
FN:58,bankDecline
FN:66,userAccept
FN:79,userDelegateAccept
FN:94,userDecline
FN:104,userDelegateDecline
FN:116,addUserDelegate
FN:122,deleteUserDelegate
FNF:11
FNH:11
FNDA:1,
FNDA:5,makeRequest
FNDA:8,makeDelegateRequest
FNDA:12,bankAccept
FNDA:7,bankDecline
FNDA:11,userAccept
FNDA:9,userDelegateAccept
FNDA:7,userDecline
FNDA:11,userDelegateDecline
FNDA:4,addUserDelegate
FNDA:3,deleteUserDelegate
DA:29,5
DA:30,3
DA:31,3
DA:32,3
DA:33,3
DA:37,8
DA:38,6
DA:39,4
DA:40,2
DA:41,2
DA:42,2
DA:43,2
DA:47,12
DA:48,10
DA:49,8
DA:50,6
DA:53,4
DA:54,4
DA:55,4
DA:59,7
DA:60,5
DA:61,3
DA:62,1
DA:63,1
DA:67,11
DA:68,9
DA:72,1
DA:73,1
DA:74,1
DA:80,9
DA:81,7
DA:82,5
DA:83,3
DA:87,1
DA:88,1
DA:89,1
DA:95,7
DA:96,5
DA:100,1
DA:101,1
DA:105,11
DA:106,9
DA:107,7
DA:108,5
DA:112,1
DA:113,1
DA:117,4
DA:118,2
DA:119,2
DA:123,3
DA:124,1
DA:125,1
LF:52
LH:52
BRDA:29,1,0,3
BRDA:29,1,1,2
BRDA:37,2,0,6
BRDA:37,2,1,2
BRDA:38,3,0,4
BRDA:38,3,1,2
BRDA:39,4,0,2
BRDA:39,4,1,2
BRDA:47,5,0,10
BRDA:47,5,1,2
BRDA:48,6,0,8
BRDA:48,6,1,2
BRDA:49,7,0,6
BRDA:49,7,1,2
BRDA:50,8,0,4
BRDA:50,8,1,2
BRDA:59,9,0,5
BRDA:59,9,1,2
BRDA:60,10,0,3
BRDA:60,10,1,2
BRDA:61,11,0,1
BRDA:61,11,1,2
BRDA:67,12,0,9
BRDA:67,12,1,2
BRDA:68,13,0,1
BRDA:68,13,1,8
BRDA:80,14,0,7
BRDA:80,14,1,2
BRDA:81,15,0,5
BRDA:81,15,1,2
BRDA:82,16,0,3
BRDA:82,16,1,2
BRDA:83,17,0,1
BRDA:83,17,1,2
BRDA:95,18,0,5
BRDA:95,18,1,2
BRDA:96,19,0,1
BRDA:96,19,1,4
BRDA:105,20,0,9
BRDA:105,20,1,2
BRDA:106,21,0,7
BRDA:106,21,1,2
BRDA:107,22,0,5
BRDA:107,22,1,2
BRDA:108,23,0,1
BRDA:108,23,1,4
BRDA:117,24,0,2
BRDA:117,24,1,2
BRDA:123,25,0,1
BRDA:123,25,1,2
BRF:50
BRH:50
end_of_record
