TN:
SF:C:/Users/rainer048/CreditContract/contracts/Credit.sol
FN:26,makeRequest
FN:34,makeDelegateRequest
FN:44,bankAccept
FN:56,bankDecline
FN:68,userAccept
FN:81,userDelegateAccept
FN:96,userDecline
FN:106,userDelegateDecline
FN:118,addUserDelegate
FN:124,deleteUserDelegate
FNF:10
FNH:10
FNDA:6,makeRequest
FNDA:8,makeDelegateRequest
FNDA:13,bankAccept
FNDA:8,bankDecline
FNDA:13,userAccept
FNDA:9,userDelegateAccept
FNDA:7,userDecline
FNDA:11,userDelegateDecline
FNDA:4,addUserDelegate
FNDA:3,deleteUserDelegate
DA:27,6
DA:28,4
DA:29,4
DA:30,4
DA:31,4
DA:35,8
DA:36,6
DA:37,4
DA:38,2
DA:39,2
DA:40,2
DA:41,2
DA:45,13
DA:46,11
DA:47,9
DA:50,7
DA:51,5
DA:52,5
DA:53,5
DA:57,8
DA:58,6
DA:59,4
DA:60,2
DA:61,1
DA:62,1
DA:64,2
DA:65,2
DA:69,13
DA:70,11
DA:74,1
DA:75,1
DA:76,1
DA:82,9
DA:83,7
DA:84,5
DA:85,3
DA:89,1
DA:90,1
DA:91,1
DA:97,7
DA:98,5
DA:102,1
DA:103,1
DA:107,11
DA:108,9
DA:109,7
DA:110,5
DA:114,1
DA:115,1
DA:119,4
DA:120,2
DA:121,2
DA:125,3
DA:126,1
DA:127,1
LF:55
LH:55
BRDA:27,1,0,4
BRDA:27,1,1,2
BRDA:35,2,0,6
BRDA:35,2,1,2
BRDA:36,3,0,4
BRDA:36,3,1,2
BRDA:37,4,0,2
BRDA:37,4,1,2
BRDA:45,5,0,11
BRDA:45,5,1,2
BRDA:46,6,0,9
BRDA:46,6,1,2
BRDA:47,7,0,7
BRDA:47,7,1,2
BRDA:50,8,0,5
BRDA:50,8,1,2
BRDA:57,9,0,6
BRDA:57,9,1,2
BRDA:58,10,0,4
BRDA:58,10,1,2
BRDA:59,11,0,2
BRDA:59,11,1,2
BRDA:60,12,0,1
BRDA:60,12,1,1
BRDA:69,13,0,11
BRDA:69,13,1,2
BRDA:70,14,0,1
BRDA:70,14,1,10
BRDA:82,15,0,7
BRDA:82,15,1,2
BRDA:83,16,0,5
BRDA:83,16,1,2
BRDA:84,17,0,3
BRDA:84,17,1,2
BRDA:85,18,0,1
BRDA:85,18,1,2
BRDA:97,19,0,5
BRDA:97,19,1,2
BRDA:98,20,0,1
BRDA:98,20,1,4
BRDA:107,21,0,9
BRDA:107,21,1,2
BRDA:108,22,0,7
BRDA:108,22,1,2
BRDA:109,23,0,5
BRDA:109,23,1,2
BRDA:110,24,0,1
BRDA:110,24,1,4
BRDA:119,25,0,2
BRDA:119,25,1,2
BRDA:125,26,0,1
BRDA:125,26,1,2
BRF:52
BRH:52
end_of_record
